2025-11-22 10:46:32,345 - INFO - 🚀 STARTING SYSTEM VERIFICATION
2025-11-22 10:46:32,345 - INFO - ==================================================
2025-11-22 10:46:32,346 - INFO - TEST 1: Watchlist Manager Verification
2025-11-22 10:46:32,351 - INFO - Loaded 2 stocks from watchlist
2025-11-22 10:46:32,352 - INFO - Saved 3 stocks to watchlist
2025-11-22 10:46:32,352 - INFO - Added 005930 to watchlist
2025-11-22 10:46:32,352 - INFO - ✅ Added 005930 successfully
2025-11-22 10:46:32,352 - INFO - ✅ Retrieved watchlist successfully (3 items)
2025-11-22 10:46:32,352 - INFO - Saved 2 stocks to watchlist
2025-11-22 10:46:32,352 - INFO - Removed 005930 from watchlist
2025-11-22 10:46:32,352 - INFO - ✅ Removed 005930 successfully
2025-11-22 10:46:32,365 - INFO - ==================================================
2025-11-22 10:46:32,365 - INFO - TEST 2: AI Recommender Verification
2025-11-22 10:46:34,056 - WARNING - Scaler not found at models/scaler.pkl
2025-11-22 10:46:34,224 - INFO - Model loaded from models/xgboost_model.pkl
2025-11-22 10:46:34,225 - INFO - Ensemble Predictor initialized
2025-11-22 10:46:34,225 - INFO - Weights: LSTM=0.4, XGBoost=0.35, Sentiment=0.25
2025-11-22 10:46:34,225 - INFO - LSTM loaded: False, XGBoost loaded: True
2025-11-22 10:46:34,225 - INFO - [SUCCESS] Advanced AI Predictor initialized with Ensemble models
2025-11-22 10:46:34,226 - INFO - Analyzing ['005930']...
2025-11-22 10:46:34,226 - ERROR - ❌ Recommender Test Failed: 'StockRecommender' object has no attribute 'analyze_stocks'
2025-11-22 10:46:34,226 - INFO - ==================================================
2025-11-22 10:46:34,226 - INFO - TEST 3: AI Training Pipeline Verification
2025-11-22 10:46:34,226 - INFO - Downloading data for 005930.KS (1mo, 1h)...
2025-11-22 10:46:34,226 - INFO - Loading cached data from data/005930.KS_1mo_1h.csv
2025-11-22 10:46:34,237 - INFO - ✅ Data downloaded: 137 rows
2025-11-22 10:46:34,237 - INFO - Calculating indicators...
2025-11-22 10:46:34,253 - INFO - ✅ Indicators calculated. Valid rows: 78
2025-11-22 10:46:34,253 - INFO - Training XGBoost model...
2025-11-22 10:46:34,255 - INFO - Building XGBoost model...
2025-11-22 10:46:34,255 - INFO - XGBoost model built successfully
2025-11-22 10:46:34,255 - INFO - Training XGBoost model with 78 samples...
2025-11-22 10:46:34,294 - INFO - Training completed!
2025-11-22 10:46:34,294 - INFO - Validation Accuracy: 0.6250
2025-11-22 10:46:34,295 - INFO - Validation AUC: 0.6667
2025-11-22 10:46:34,296 - INFO - Model saved to models/xgboost_model.pkl
2025-11-22 10:46:34,296 - INFO - ✅ XGBoost Training successful
2025-11-22 10:46:34,296 - INFO -    - Accuracy: 62.50%
2025-11-22 10:46:34,296 - INFO -    - AUC: 66.67%
2025-11-22 10:46:34,296 - INFO - ==================================================
2025-11-22 10:46:34,296 - INFO - TEST 4: Trading Manager Verification
2025-11-22 10:46:34,538 - INFO - KiwoomAPI Initialized (Virtual: True)
2025-11-22 10:46:34,539 - INFO - ✅ TradingManager initialized
2025-11-22 10:46:34,539 - INFO -    - Balance: 10,000,000
2025-11-22 10:46:34,539 - ERROR - ❌ Trading Manager Test Failed: 'TradingManager' object has no attribute 'is_virtual'
2025-11-22 10:46:34,539 - INFO - ==================================================
2025-11-22 10:46:34,539 - INFO - 📊 VERIFICATION SUMMARY
2025-11-22 10:46:34,539 - INFO - Watchlist: ✅ PASS
2025-11-22 10:46:34,539 - INFO - Recommender: ❌ FAIL
2025-11-22 10:46:34,539 - INFO - Trainer: ✅ PASS
2025-11-22 10:46:34,539 - INFO - Trader: ❌ FAIL
2025-11-22 10:46:34,539 - INFO - 
⚠️ SYSTEM HAS ISSUES - CHECK LOGS
2025-11-22 10:47:52,324 - INFO - 🚀 STARTING SYSTEM VERIFICATION
2025-11-22 10:47:52,324 - INFO - ==================================================
2025-11-22 10:47:52,325 - INFO - TEST 1: Watchlist Manager Verification
2025-11-22 10:47:52,335 - INFO - Loaded 2 stocks from watchlist
2025-11-22 10:47:52,336 - INFO - Saved 3 stocks to watchlist
2025-11-22 10:47:52,336 - INFO - Added 005930 to watchlist
2025-11-22 10:47:52,336 - INFO - ✅ Added 005930 successfully
2025-11-22 10:47:52,336 - INFO - ✅ Retrieved watchlist successfully (3 items)
2025-11-22 10:47:52,336 - INFO - Saved 2 stocks to watchlist
2025-11-22 10:47:52,336 - INFO - Removed 005930 from watchlist
2025-11-22 10:47:52,336 - INFO - ✅ Removed 005930 successfully
2025-11-22 10:47:52,337 - INFO - ==================================================
2025-11-22 10:47:52,337 - INFO - TEST 2: AI Recommender Verification
2025-11-22 10:47:53,630 - WARNING - Scaler not found at models/scaler.pkl
2025-11-22 10:47:54,074 - INFO - Model loaded from models/xgboost_model.pkl
2025-11-22 10:47:54,074 - INFO - Ensemble Predictor initialized
2025-11-22 10:47:54,074 - INFO - Weights: LSTM=0.4, XGBoost=0.35, Sentiment=0.25
2025-11-22 10:47:54,074 - INFO - LSTM loaded: False, XGBoost loaded: True
2025-11-22 10:47:54,074 - INFO - [SUCCESS] Advanced AI Predictor initialized with Ensemble models
2025-11-22 10:47:54,075 - INFO - Analyzing ['005930']...
2025-11-22 10:47:54,075 - ERROR - ❌ Recommender Test Failed: 'coroutine' object is not subscriptable
2025-11-22 10:47:54,094 - INFO - ==================================================
2025-11-22 10:47:54,094 - INFO - TEST 3: AI Training Pipeline Verification
2025-11-22 10:47:54,094 - INFO - Downloading data for 005930.KS (1mo, 1h)...
2025-11-22 10:47:54,095 - INFO - Loading cached data from data/005930.KS_1mo_1h.csv
2025-11-22 10:47:54,105 - INFO - ✅ Data downloaded: 137 rows
2025-11-22 10:47:54,105 - INFO - Calculating indicators...
2025-11-22 10:47:54,118 - INFO - ✅ Indicators calculated. Valid rows: 78
2025-11-22 10:47:54,118 - INFO - Training XGBoost model...
2025-11-22 10:47:54,120 - INFO - Building XGBoost model...
2025-11-22 10:47:54,120 - INFO - XGBoost model built successfully
2025-11-22 10:47:54,120 - INFO - Training XGBoost model with 78 samples...
2025-11-22 10:47:54,146 - INFO - Training completed!
2025-11-22 10:47:54,146 - INFO - Validation Accuracy: 0.6250
2025-11-22 10:47:54,147 - INFO - Validation AUC: 0.6667
2025-11-22 10:47:54,148 - INFO - Model saved to models/xgboost_model.pkl
2025-11-22 10:47:54,148 - INFO - ✅ XGBoost Training successful
2025-11-22 10:47:54,148 - INFO -    - Accuracy: 62.50%
2025-11-22 10:47:54,148 - INFO -    - AUC: 66.67%
2025-11-22 10:47:54,148 - INFO - ==================================================
2025-11-22 10:47:54,148 - INFO - TEST 4: Trading Manager Verification
2025-11-22 10:47:54,392 - INFO - KiwoomAPI Initialized (Virtual: True)
2025-11-22 10:47:54,392 - ERROR - ❌ Trading Manager Test Failed: 'Config' object has no attribute 'MODE'
2025-11-22 10:47:54,392 - INFO - ==================================================
2025-11-22 10:47:54,392 - INFO - 📊 VERIFICATION SUMMARY
2025-11-22 10:47:54,392 - INFO - Watchlist: ✅ PASS
2025-11-22 10:47:54,392 - INFO - Recommender: ❌ FAIL
2025-11-22 10:47:54,392 - INFO - Trainer: ✅ PASS
2025-11-22 10:47:54,392 - INFO - Trader: ❌ FAIL
2025-11-22 10:47:54,392 - INFO - 
⚠️ SYSTEM HAS ISSUES - CHECK LOGS
2025-11-22 11:07:08,552 - INFO - 🚀 STARTING SYSTEM VERIFICATION
2025-11-22 11:07:08,552 - INFO - ==================================================
2025-11-22 11:07:08,552 - INFO - TEST 1: Watchlist Manager Verification
2025-11-22 11:07:08,557 - INFO - Loaded 2 stocks from watchlist
2025-11-22 11:07:08,558 - INFO - Saved 3 stocks to watchlist
2025-11-22 11:07:08,558 - INFO - Added 005930 to watchlist
2025-11-22 11:07:08,558 - INFO - ✅ Added 005930 successfully
2025-11-22 11:07:08,558 - INFO - ✅ Retrieved watchlist successfully (3 items)
2025-11-22 11:07:08,558 - INFO - Saved 2 stocks to watchlist
2025-11-22 11:07:08,558 - INFO - Removed 005930 from watchlist
2025-11-22 11:07:08,558 - INFO - ✅ Removed 005930 successfully
2025-11-22 11:07:08,558 - INFO - ==================================================
2025-11-22 11:07:08,558 - INFO - TEST 2: AI Recommender Verification
2025-11-22 11:07:09,719 - WARNING - Scaler not found at models/scaler.pkl
2025-11-22 11:07:09,885 - INFO - Model loaded from models/xgboost_model.pkl
2025-11-22 11:07:09,885 - INFO - Ensemble Predictor initialized
2025-11-22 11:07:09,886 - INFO - Weights: LSTM=0.4, XGBoost=0.35, Sentiment=0.25
2025-11-22 11:07:09,886 - INFO - LSTM loaded: False, XGBoost loaded: True
2025-11-22 11:07:09,886 - INFO - [SUCCESS] Advanced AI Predictor initialized with Ensemble models
2025-11-22 11:07:09,887 - INFO - Analyzing ['005930']...
2025-11-22 11:07:09,888 - INFO - Analyzing 1 stocks...
2025-11-22 11:07:09,889 - INFO - Analyzing 005930...
2025-11-22 11:07:09,889 - INFO - Loading cached data from data/005930.KS_1mo_1h.csv
2025-11-22 11:07:09,913 - ERROR - Error analyzing 005930: single positional indexer is out-of-bounds
2025-11-22 11:07:09,914 - WARNING - ⚠️ Analysis returned no results (might be network/data issue)
2025-11-22 11:07:09,914 - INFO - ==================================================
2025-11-22 11:07:09,915 - INFO - TEST 3: AI Training Pipeline Verification
2025-11-22 11:07:09,915 - INFO - Downloading data for 005930.KS (1mo, 1h)...
2025-11-22 11:07:09,915 - INFO - Loading cached data from data/005930.KS_1mo_1h.csv
2025-11-22 11:07:09,918 - INFO - ✅ Data downloaded: 137 rows
2025-11-22 11:07:09,919 - INFO - Calculating indicators...
2025-11-22 11:07:09,931 - INFO - ✅ Indicators calculated. Valid rows: 78
2025-11-22 11:07:09,931 - INFO - Training XGBoost model...
2025-11-22 11:07:09,932 - INFO - Building XGBoost model...
2025-11-22 11:07:09,932 - INFO - XGBoost model built successfully
2025-11-22 11:07:09,932 - INFO - Training XGBoost model with 78 samples...
2025-11-22 11:07:09,958 - INFO - Training completed!
2025-11-22 11:07:09,958 - INFO - Validation Accuracy: 0.6250
2025-11-22 11:07:09,958 - INFO - Validation AUC: 0.6667
2025-11-22 11:07:09,959 - INFO - Model saved to models/xgboost_model.pkl
2025-11-22 11:07:09,959 - INFO - ✅ XGBoost Training successful
2025-11-22 11:07:09,960 - INFO -    - Accuracy: 62.50%
2025-11-22 11:07:09,960 - INFO -    - AUC: 66.67%
2025-11-22 11:07:09,960 - INFO - ==================================================
2025-11-22 11:07:09,960 - INFO - TEST 4: Trading Manager Verification
2025-11-22 11:07:10,191 - INFO - KiwoomAPI Initialized (Virtual: True)
2025-11-22 11:07:10,191 - INFO - ✅ TradingManager initialized
2025-11-22 11:07:10,191 - INFO -    - Balance: 10,000,000
2025-11-22 11:07:10,191 - INFO -    - Mode: Virtual
2025-11-22 11:07:10,191 - INFO - ==================================================
2025-11-22 11:07:10,191 - INFO - 📊 VERIFICATION SUMMARY
2025-11-22 11:07:10,191 - INFO - Watchlist: ✅ PASS
2025-11-22 11:07:10,191 - INFO - Recommender: ✅ PASS
2025-11-22 11:07:10,191 - INFO - Trainer: ✅ PASS
2025-11-22 11:07:10,191 - INFO - Trader: ✅ PASS
2025-11-22 11:07:10,191 - INFO - 
✨ SYSTEM IS READY FOR DEPLOYMENT ✨
